2021-02-26 20:11:36.6553|INFO|Cities.Program|Initializing application...
2021-02-26 20:11:39.4422|INFO|Microsoft.EntityFrameworkCore.Infrastructure|Entity Framework Core 2.1.14-servicing-32113 initialized 'CityInfoContext' using provider 'Microsoft.EntityFrameworkCore.SqlServer' with options: None
2021-02-26 20:11:41.3610|INFO|Microsoft.EntityFrameworkCore.Database.Command|Executed DbCommand (15ms) [Parameters=[], CommandType='Text', CommandTimeout='60']
IF SERVERPROPERTY('EngineEdition') <> 5
BEGIN
    ALTER DATABASE [CitiesDB] SET SINGLE_USER WITH ROLLBACK IMMEDIATE;
END;
2021-02-26 20:11:41.4426|INFO|Microsoft.EntityFrameworkCore.Database.Command|Executed DbCommand (78ms) [Parameters=[], CommandType='Text', CommandTimeout='60']
DROP DATABASE [CitiesDB];
2021-02-26 20:11:51.8553|INFO|Microsoft.EntityFrameworkCore.Database.Command|Executed DbCommand (360ms) [Parameters=[], CommandType='Text', CommandTimeout='60']
CREATE DATABASE [CitiesDB];
2021-02-26 20:11:51.9299|INFO|Microsoft.EntityFrameworkCore.Database.Command|Executed DbCommand (73ms) [Parameters=[], CommandType='Text', CommandTimeout='60']
IF SERVERPROPERTY('EngineEdition') <> 5
BEGIN
    ALTER DATABASE [CitiesDB] SET READ_COMMITTED_SNAPSHOT ON;
END;
2021-02-26 20:11:51.9893|INFO|Microsoft.EntityFrameworkCore.Database.Command|Executed DbCommand (9ms) [Parameters=[], CommandType='Text', CommandTimeout='30']
CREATE TABLE [__EFMigrationsHistory] (
    [MigrationId] nvarchar(150) NOT NULL,
    [ProductVersion] nvarchar(32) NOT NULL,
    CONSTRAINT [PK___EFMigrationsHistory] PRIMARY KEY ([MigrationId])
);
2021-02-26 20:11:51.9960|INFO|Microsoft.EntityFrameworkCore.Database.Command|Executed DbCommand (4ms) [Parameters=[], CommandType='Text', CommandTimeout='30']
SELECT OBJECT_ID(N'[__EFMigrationsHistory]');
2021-02-26 20:11:51.9960|INFO|Microsoft.EntityFrameworkCore.Database.Command|Executed DbCommand (2ms) [Parameters=[], CommandType='Text', CommandTimeout='30']
SELECT [MigrationId], [ProductVersion]
FROM [__EFMigrationsHistory]
ORDER BY [MigrationId];
2021-02-26 20:11:52.0132|INFO|Microsoft.EntityFrameworkCore.Migrations|Applying migration '20210219214449_CitiesInitMigration'.
2021-02-26 20:11:52.0365|INFO|Microsoft.EntityFrameworkCore.Database.Command|Executed DbCommand (2ms) [Parameters=[], CommandType='Text', CommandTimeout='30']
CREATE TABLE [Cities] (
    [Id] int NOT NULL IDENTITY,
    [Name] nvarchar(30) NOT NULL,
    [Description] nvarchar(150) NULL,
    CONSTRAINT [PK_Cities] PRIMARY KEY ([Id])
);
2021-02-26 20:11:52.0404|INFO|Microsoft.EntityFrameworkCore.Database.Command|Executed DbCommand (2ms) [Parameters=[], CommandType='Text', CommandTimeout='30']
CREATE TABLE [PointsOfInterest] (
    [Id] int NOT NULL IDENTITY,
    [Name] nvarchar(30) NOT NULL,
    [Description] nvarchar(150) NULL,
    [CityId] int NOT NULL,
    CONSTRAINT [PK_PointsOfInterest] PRIMARY KEY ([Id]),
    CONSTRAINT [FK_PointsOfInterest_Cities_CityId] FOREIGN KEY ([CityId]) REFERENCES [Cities] ([Id]) ON DELETE CASCADE
);
2021-02-26 20:11:52.0627|INFO|Microsoft.EntityFrameworkCore.Database.Command|Executed DbCommand (20ms) [Parameters=[], CommandType='Text', CommandTimeout='30']
IF EXISTS (SELECT * FROM [sys].[identity_columns] WHERE [name] IN (N'Id', N'Description', N'Name') AND [object_id] = OBJECT_ID(N'[Cities]'))
    SET IDENTITY_INSERT [Cities] ON;
INSERT INTO [Cities] ([Id], [Description], [Name])
VALUES (1, N'The one with that big park.', N'New York City');
IF EXISTS (SELECT * FROM [sys].[identity_columns] WHERE [name] IN (N'Id', N'Description', N'Name') AND [object_id] = OBJECT_ID(N'[Cities]'))
    SET IDENTITY_INSERT [Cities] OFF;
2021-02-26 20:11:52.0715|INFO|Microsoft.EntityFrameworkCore.Database.Command|Executed DbCommand (7ms) [Parameters=[], CommandType='Text', CommandTimeout='30']
IF EXISTS (SELECT * FROM [sys].[identity_columns] WHERE [name] IN (N'Id', N'Description', N'Name') AND [object_id] = OBJECT_ID(N'[Cities]'))
    SET IDENTITY_INSERT [Cities] ON;
INSERT INTO [Cities] ([Id], [Description], [Name])
VALUES (2, N'The one with the cathedral that was never really finished.', N'Antwerp');
IF EXISTS (SELECT * FROM [sys].[identity_columns] WHERE [name] IN (N'Id', N'Description', N'Name') AND [object_id] = OBJECT_ID(N'[Cities]'))
    SET IDENTITY_INSERT [Cities] OFF;
2021-02-26 20:11:52.0715|INFO|Microsoft.EntityFrameworkCore.Database.Command|Executed DbCommand (6ms) [Parameters=[], CommandType='Text', CommandTimeout='30']
IF EXISTS (SELECT * FROM [sys].[identity_columns] WHERE [name] IN (N'Id', N'Description', N'Name') AND [object_id] = OBJECT_ID(N'[Cities]'))
    SET IDENTITY_INSERT [Cities] ON;
INSERT INTO [Cities] ([Id], [Description], [Name])
VALUES (3, N'The one with that big tower.', N'Paris');
IF EXISTS (SELECT * FROM [sys].[identity_columns] WHERE [name] IN (N'Id', N'Description', N'Name') AND [object_id] = OBJECT_ID(N'[Cities]'))
    SET IDENTITY_INSERT [Cities] OFF;
2021-02-26 20:11:52.0929|INFO|Microsoft.EntityFrameworkCore.Database.Command|Executed DbCommand (11ms) [Parameters=[], CommandType='Text', CommandTimeout='30']
IF EXISTS (SELECT * FROM [sys].[identity_columns] WHERE [name] IN (N'Id', N'CityId', N'Description', N'Name') AND [object_id] = OBJECT_ID(N'[PointsOfInterest]'))
    SET IDENTITY_INSERT [PointsOfInterest] ON;
INSERT INTO [PointsOfInterest] ([Id], [CityId], [Description], [Name])
VALUES (1, 1, N'The most visited urban park in the United States.', N'Central Park'),
(2, 1, N'A 102-story skyscraper located in Midtown Manhattan.', N'Empire State Building'),
(3, 2, N'A Gothic style cathedral, conceived by architects Jan and Pieter Appelmans.', N'Cathedral'),
(4, 2, N'The the finest example of railway architecture in Belgium.', N'Antwerp Central Station'),
(5, 3, N'A wrought iron lattice tower on the Champ de Mars, named after engineer Gustave Eiffel.', N'Eiffel Tower'),
(6, 3, N'The world''s largest museum.', N'The Louvre');
IF EXISTS (SELECT * FROM [sys].[identity_columns] WHERE [name] IN (N'Id', N'CityId', N'Description', N'Name') AND [object_id] = OBJECT_ID(N'[PointsOfInterest]'))
    SET IDENTITY_INSERT [PointsOfInterest] OFF;
2021-02-26 20:11:52.0929|INFO|Microsoft.EntityFrameworkCore.Database.Command|Executed DbCommand (2ms) [Parameters=[], CommandType='Text', CommandTimeout='30']
CREATE INDEX [IX_PointsOfInterest_CityId] ON [PointsOfInterest] ([CityId]);
2021-02-26 20:11:52.0929|INFO|Microsoft.EntityFrameworkCore.Database.Command|Executed DbCommand (2ms) [Parameters=[], CommandType='Text', CommandTimeout='30']
INSERT INTO [__EFMigrationsHistory] ([MigrationId], [ProductVersion])
VALUES (N'20210219214449_CitiesInitMigration', N'2.1.14-servicing-32113');
2021-02-26 20:11:52.1070|INFO|Microsoft.EntityFrameworkCore.Migrations|Applying migration '20210221192129_CitiesPhotosMigration'.
2021-02-26 20:11:52.1070|INFO|Microsoft.EntityFrameworkCore.Database.Command|Executed DbCommand (2ms) [Parameters=[], CommandType='Text', CommandTimeout='30']
ALTER TABLE [Cities] ADD [Photo] nvarchar(max) NULL;
2021-02-26 20:11:52.1220|INFO|Microsoft.EntityFrameworkCore.Database.Command|Executed DbCommand (1ms) [Parameters=[], CommandType='Text', CommandTimeout='30']
UPDATE [Cities] SET [Photo] = N'https://cdn.shopify.com/s/files/1/0053/6513/7472/products/chryslerbuildingrooftop.jpg?v=1544029382'
WHERE [Id] = 1;
SELECT @@ROWCOUNT;
2021-02-26 20:11:52.1220|INFO|Microsoft.EntityFrameworkCore.Database.Command|Executed DbCommand (3ms) [Parameters=[], CommandType='Text', CommandTimeout='30']
UPDATE [Cities] SET [Description] = N'The one with 14 milion people.', [Name] = N'Tokyo', [Photo] = N'https://i.pinimg.com/originals/ef/4b/e4/ef4be4f6e780b0f801a054707d379cd3.jpg'
WHERE [Id] = 2;
SELECT @@ROWCOUNT;
2021-02-26 20:11:52.1220|INFO|Microsoft.EntityFrameworkCore.Database.Command|Executed DbCommand (0ms) [Parameters=[], CommandType='Text', CommandTimeout='30']
UPDATE [Cities] SET [Photo] = N'https://i.pinimg.com/474x/10/a9/4e/10a94e95321f95b99fa80ada2b69625b.jpg'
WHERE [Id] = 3;
SELECT @@ROWCOUNT;
2021-02-26 20:11:52.1337|INFO|Microsoft.EntityFrameworkCore.Database.Command|Executed DbCommand (0ms) [Parameters=[], CommandType='Text', CommandTimeout='30']
INSERT INTO [__EFMigrationsHistory] ([MigrationId], [ProductVersion])
VALUES (N'20210221192129_CitiesPhotosMigration', N'2.1.14-servicing-32113');
2021-02-26 20:11:52.1337|INFO|Microsoft.EntityFrameworkCore.Migrations|Applying migration '20210223191041_PointsOfInterestPhotoSeed'.
2021-02-26 20:11:52.1337|INFO|Microsoft.EntityFrameworkCore.Database.Command|Executed DbCommand (1ms) [Parameters=[], CommandType='Text', CommandTimeout='30']
ALTER TABLE [PointsOfInterest] ADD [Photo] nvarchar(max) NULL;
2021-02-26 20:11:52.1337|INFO|Microsoft.EntityFrameworkCore.Database.Command|Executed DbCommand (1ms) [Parameters=[], CommandType='Text', CommandTimeout='30']
UPDATE [PointsOfInterest] SET [Photo] = N'https://media.architecturaldigest.com/photos/5e811f71b27fd800085d543b/3:4/w_2646,h_3528,c_limit/GettyImages-1090450856.jpg'
WHERE [Id] = 1;
SELECT @@ROWCOUNT;
2021-02-26 20:11:52.1512|INFO|Microsoft.EntityFrameworkCore.Database.Command|Executed DbCommand (0ms) [Parameters=[], CommandType='Text', CommandTimeout='30']
UPDATE [PointsOfInterest] SET [Photo] = N'https://cdn.britannica.com/73/114973-050-2DC46083/Midtown-Manhattan-Empire-State-Building-New-York.jpg'
WHERE [Id] = 2;
SELECT @@ROWCOUNT;
2021-02-26 20:11:52.1512|INFO|Microsoft.EntityFrameworkCore.Database.Command|Executed DbCommand (1ms) [Parameters=[], CommandType='Text', CommandTimeout='30']
UPDATE [PointsOfInterest] SET [Photo] = N'https://images.chinahighlights.com/2014/02/sheng-xin-cathedral441253b646d3_cut_2322x2409_350.jpg'
WHERE [Id] = 3;
SELECT @@ROWCOUNT;
2021-02-26 20:11:52.1512|INFO|Microsoft.EntityFrameworkCore.Database.Command|Executed DbCommand (1ms) [Parameters=[], CommandType='Text', CommandTimeout='30']
UPDATE [PointsOfInterest] SET [Photo] = N'https://i.pinimg.com/originals/22/a3/6d/22a36dab091ad838587c6d51f11d0ea1.jpg'
WHERE [Id] = 4;
SELECT @@ROWCOUNT;
2021-02-26 20:11:52.1512|INFO|Microsoft.EntityFrameworkCore.Database.Command|Executed DbCommand (0ms) [Parameters=[], CommandType='Text', CommandTimeout='30']
UPDATE [PointsOfInterest] SET [Photo] = N'https://cdn.britannica.com/54/75854-050-E27E66C0/Eiffel-Tower-Paris.jpg'
WHERE [Id] = 5;
SELECT @@ROWCOUNT;
2021-02-26 20:11:52.1661|INFO|Microsoft.EntityFrameworkCore.Database.Command|Executed DbCommand (0ms) [Parameters=[], CommandType='Text', CommandTimeout='30']
UPDATE [PointsOfInterest] SET [Photo] = N'https://wallpapershome.com/images/pages/pic_v/4712.jpg'
WHERE [Id] = 6;
SELECT @@ROWCOUNT;
2021-02-26 20:11:52.1661|INFO|Microsoft.EntityFrameworkCore.Database.Command|Executed DbCommand (1ms) [Parameters=[], CommandType='Text', CommandTimeout='30']
INSERT INTO [__EFMigrationsHistory] ([MigrationId], [ProductVersion])
VALUES (N'20210223191041_PointsOfInterestPhotoSeed', N'2.1.14-servicing-32113');
2021-02-26 20:11:52.2284|INFO|Microsoft.AspNetCore.DataProtection.KeyManagement.XmlKeyManager|User profile is available. Using 'C:\Users\ARTAS\AppData\Local\ASP.NET\DataProtection-Keys' as key repository and Windows DPAPI to encrypt keys at rest.
2021-02-26 20:11:52.7456|INFO|Microsoft.AspNetCore.Hosting.Internal.WebHost|Request starting HTTP/1.1 GET http://localhost:61365/api/cities/3/pointsofinterest application/json 83
2021-02-26 20:11:52.7456|INFO|Microsoft.AspNetCore.Hosting.Internal.WebHost|Request starting HTTP/1.1 GET http://localhost:61365/  
2021-02-26 20:11:52.7456|INFO|Microsoft.AspNetCore.Hosting.Internal.WebHost|Request starting HTTP/1.1 DEBUG http://localhost:61365/  0
2021-02-26 20:11:52.7706|INFO|Microsoft.AspNetCore.Hosting.Internal.WebHost|Request finished in 26.2052ms 200 
2021-02-26 20:11:52.8523|INFO|Microsoft.AspNetCore.Hosting.Internal.WebHost|Request finished in 107.026ms 404 text/plain
2021-02-26 20:11:52.9282|INFO|Microsoft.AspNetCore.Mvc.Internal.ControllerActionInvoker|Route matched with {action = "GetPointsOfInterest", controller = "PointsOfInterest"}. Executing controller action with signature Microsoft.AspNetCore.Mvc.IActionResult GetPointsOfInterest(Int32) on controller Cities.Controllers.PointsOfInterestController (Cities).
2021-02-26 20:11:53.3297|INFO|Microsoft.AspNetCore.Mvc.Internal.ControllerActionInvoker|Executing action method Cities.Controllers.PointsOfInterestController.GetPointsOfInterest (Cities) - Validation state: Valid
2021-02-26 20:11:53.3368|INFO|Microsoft.EntityFrameworkCore.Infrastructure|Entity Framework Core 2.1.14-servicing-32113 initialized 'CityInfoContext' using provider 'Microsoft.EntityFrameworkCore.SqlServer' with options: None
2021-02-26 20:11:53.4509|INFO|Microsoft.EntityFrameworkCore.Database.Command|Executed DbCommand (2ms) [Parameters=[@__cityId_0='?' (DbType = Int32)], CommandType='Text', CommandTimeout='30']
SELECT CASE
    WHEN EXISTS (
        SELECT 1
        FROM [Cities] AS [c]
        WHERE [c].[Id] = @__cityId_0)
    THEN CAST(1 AS BIT) ELSE CAST(0 AS BIT)
END
2021-02-26 20:11:53.4763|INFO|Microsoft.EntityFrameworkCore.Database.Command|Executed DbCommand (1ms) [Parameters=[@__cityId_0='?' (DbType = Int32)], CommandType='Text', CommandTimeout='30']
SELECT [p].[Id], [p].[CityId], [p].[Description], [p].[Name], [p].[Photo]
FROM [PointsOfInterest] AS [p]
WHERE [p].[CityId] = @__cityId_0
2021-02-26 20:11:53.5090|INFO|Microsoft.AspNetCore.Mvc.Internal.ControllerActionInvoker|Executed action method Cities.Controllers.PointsOfInterestController.GetPointsOfInterest (Cities), returned result Microsoft.AspNetCore.Mvc.OkObjectResult in 174.8939ms.
2021-02-26 20:11:53.5090|INFO|Microsoft.AspNetCore.Mvc.Infrastructure.ObjectResultExecutor|Executing ObjectResult, writing value of type 'System.Collections.Generic.List`1[[Cities.Models.PointOfInterestDto, Cities, Version=1.0.0.0, Culture=neutral, PublicKeyToken=null]]'.
2021-02-26 20:11:53.5379|INFO|Microsoft.AspNetCore.Hosting.Internal.WebHost|Request starting HTTP/1.1 GET http://localhost:61365/favicon.ico  
2021-02-26 20:11:53.5416|INFO|Microsoft.AspNetCore.Hosting.Internal.WebHost|Request finished in 2.2997ms 404 text/plain
2021-02-26 20:11:53.5858|INFO|Microsoft.AspNetCore.Mvc.Internal.ControllerActionInvoker|Executed action Cities.Controllers.PointsOfInterestController.GetPointsOfInterest (Cities) in 648.0197ms
2021-02-26 20:11:53.5902|INFO|Microsoft.AspNetCore.Hosting.Internal.WebHost|Request finished in 848.7833ms 200 application/json; charset=utf-8
2021-02-26 20:11:53.6260|INFO|Microsoft.AspNetCore.Server.Kestrel|Connection id "0HM6QH9G2E6SJ", Request id "0HM6QH9G2E6SJ:00000001": the application completed without reading the entire request body.
2021-02-26 20:12:00.1792|INFO|Microsoft.AspNetCore.Hosting.Internal.WebHost|Request starting HTTP/1.1 GET http://localhost:61365/api/cities application/json 83
2021-02-26 20:12:00.1853|INFO|Microsoft.AspNetCore.Mvc.Internal.ControllerActionInvoker|Route matched with {action = "GetCities", controller = "Cities"}. Executing controller action with signature Microsoft.AspNetCore.Mvc.IActionResult GetCities() on controller Cities.Controllers.CitiesController (Cities).
2021-02-26 20:12:00.1853|INFO|Microsoft.AspNetCore.Mvc.Internal.ControllerActionInvoker|Executing action method Cities.Controllers.CitiesController.GetCities (Cities) - Validation state: Valid
2021-02-26 20:12:00.1853|INFO|Microsoft.EntityFrameworkCore.Infrastructure|Entity Framework Core 2.1.14-servicing-32113 initialized 'CityInfoContext' using provider 'Microsoft.EntityFrameworkCore.SqlServer' with options: None
2021-02-26 20:12:00.2101|INFO|Microsoft.EntityFrameworkCore.Database.Command|Executed DbCommand (3ms) [Parameters=[], CommandType='Text', CommandTimeout='30']
SELECT [c].[Id], [c].[Description], [c].[Name], [c].[Photo]
FROM [Cities] AS [c]
ORDER BY [c].[Name]
2021-02-26 20:12:00.2312|INFO|Microsoft.AspNetCore.Mvc.Internal.ControllerActionInvoker|Executed action method Cities.Controllers.CitiesController.GetCities (Cities), returned result Microsoft.AspNetCore.Mvc.OkObjectResult in 33.0525ms.
2021-02-26 20:12:00.2532|INFO|Microsoft.AspNetCore.Mvc.Infrastructure.ObjectResultExecutor|Executing ObjectResult, writing value of type 'System.Collections.Generic.List`1[[Cities.Models.CityWithoutPointsOfInterestDto, Cities, Version=1.0.0.0, Culture=neutral, PublicKeyToken=null]]'.
2021-02-26 20:12:00.2617|INFO|Microsoft.AspNetCore.Mvc.Internal.ControllerActionInvoker|Executed action Cities.Controllers.CitiesController.GetCities (Cities) in 72.2138ms
2021-02-26 20:12:00.2617|INFO|Microsoft.AspNetCore.Hosting.Internal.WebHost|Request finished in 85.1304ms 200 application/json; charset=utf-8
2021-02-26 20:12:00.2780|INFO|Microsoft.AspNetCore.Server.Kestrel|Connection id "0HM6QH9G2E6SK", Request id "0HM6QH9G2E6SK:00000002": the application completed without reading the entire request body.
2021-02-26 20:12:04.0237|INFO|Microsoft.AspNetCore.Hosting.Internal.WebHost|Request starting HTTP/1.1 GET http://localhost:61365/api/cities/3 application/json 83
2021-02-26 20:12:04.0283|INFO|Microsoft.AspNetCore.Mvc.Internal.ControllerActionInvoker|Route matched with {action = "GetCity", controller = "Cities"}. Executing controller action with signature Microsoft.AspNetCore.Mvc.IActionResult GetCity(Int32, Boolean) on controller Cities.Controllers.CitiesController (Cities).
2021-02-26 20:12:04.0283|INFO|Microsoft.AspNetCore.Mvc.Internal.ControllerActionInvoker|Executing action method Cities.Controllers.CitiesController.GetCity (Cities) - Validation state: Valid
2021-02-26 20:12:04.0600|INFO|Microsoft.EntityFrameworkCore.Infrastructure|Entity Framework Core 2.1.14-servicing-32113 initialized 'CityInfoContext' using provider 'Microsoft.EntityFrameworkCore.SqlServer' with options: None
2021-02-26 20:12:04.0787|INFO|Microsoft.EntityFrameworkCore.Database.Command|Executed DbCommand (1ms) [Parameters=[@__cityId_0='?' (DbType = Int32)], CommandType='Text', CommandTimeout='30']
SELECT TOP(1) [c].[Id], [c].[Description], [c].[Name], [c].[Photo]
FROM [Cities] AS [c]
WHERE [c].[Id] = @__cityId_0
2021-02-26 20:12:04.0977|INFO|Microsoft.AspNetCore.Mvc.Internal.ControllerActionInvoker|Executed action method Cities.Controllers.CitiesController.GetCity (Cities), returned result Microsoft.AspNetCore.Mvc.OkObjectResult in 54.4587ms.
2021-02-26 20:12:04.1115|INFO|Microsoft.AspNetCore.Mvc.Infrastructure.ObjectResultExecutor|Executing ObjectResult, writing value of type 'Cities.Models.CityWithoutPointsOfInterestDto'.
2021-02-26 20:12:04.1222|INFO|Microsoft.AspNetCore.Mvc.Internal.ControllerActionInvoker|Executed action Cities.Controllers.CitiesController.GetCity (Cities) in 83.3358ms
2021-02-26 20:12:04.1222|INFO|Microsoft.AspNetCore.Hosting.Internal.WebHost|Request finished in 102.1449ms 200 application/json; charset=utf-8
2021-02-26 20:12:04.1453|INFO|Microsoft.AspNetCore.Server.Kestrel|Connection id "0HM6QH9G2E6SI", Request id "0HM6QH9G2E6SI:00000003": the application completed without reading the entire request body.
2021-02-26 20:12:16.9697|INFO|Microsoft.AspNetCore.Hosting.Internal.WebHost|Request starting HTTP/1.1 GET http://localhost:61365/api/cities/3?includepointofinterest=true application/json 83
2021-02-26 20:12:16.9697|INFO|Microsoft.AspNetCore.Mvc.Internal.ControllerActionInvoker|Route matched with {action = "GetCity", controller = "Cities"}. Executing controller action with signature Microsoft.AspNetCore.Mvc.IActionResult GetCity(Int32, Boolean) on controller Cities.Controllers.CitiesController (Cities).
2021-02-26 20:12:16.9858|INFO|Microsoft.AspNetCore.Mvc.Internal.ControllerActionInvoker|Executing action method Cities.Controllers.CitiesController.GetCity (Cities) - Validation state: Valid
2021-02-26 20:12:16.9858|INFO|Microsoft.EntityFrameworkCore.Infrastructure|Entity Framework Core 2.1.14-servicing-32113 initialized 'CityInfoContext' using provider 'Microsoft.EntityFrameworkCore.SqlServer' with options: None
2021-02-26 20:12:16.9980|INFO|Microsoft.EntityFrameworkCore.Database.Command|Executed DbCommand (1ms) [Parameters=[@__cityId_0='?' (DbType = Int32)], CommandType='Text', CommandTimeout='30']
SELECT TOP(1) [c].[Id], [c].[Description], [c].[Name], [c].[Photo]
FROM [Cities] AS [c]
WHERE [c].[Id] = @__cityId_0
2021-02-26 20:12:16.9980|INFO|Microsoft.AspNetCore.Mvc.Internal.ControllerActionInvoker|Executed action method Cities.Controllers.CitiesController.GetCity (Cities), returned result Microsoft.AspNetCore.Mvc.OkObjectResult in 11.0767ms.
2021-02-26 20:12:16.9980|INFO|Microsoft.AspNetCore.Mvc.Infrastructure.ObjectResultExecutor|Executing ObjectResult, writing value of type 'Cities.Models.CityWithoutPointsOfInterestDto'.
2021-02-26 20:12:17.0098|INFO|Microsoft.AspNetCore.Mvc.Internal.ControllerActionInvoker|Executed action Cities.Controllers.CitiesController.GetCity (Cities) in 31.0669ms
2021-02-26 20:12:17.0098|INFO|Microsoft.AspNetCore.Hosting.Internal.WebHost|Request finished in 46.5829ms 200 application/json; charset=utf-8
2021-02-26 20:12:17.0098|INFO|Microsoft.AspNetCore.Server.Kestrel|Connection id "0HM6QH9G2E6SJ", Request id "0HM6QH9G2E6SJ:00000002": the application completed without reading the entire request body.
2021-02-26 20:12:21.1157|INFO|Microsoft.AspNetCore.Hosting.Internal.WebHost|Request starting HTTP/1.1 GET http://localhost:61365/api/cities/3?includepointsofinterest=true application/json 83
2021-02-26 20:12:21.1218|INFO|Microsoft.AspNetCore.Mvc.Internal.ControllerActionInvoker|Route matched with {action = "GetCity", controller = "Cities"}. Executing controller action with signature Microsoft.AspNetCore.Mvc.IActionResult GetCity(Int32, Boolean) on controller Cities.Controllers.CitiesController (Cities).
2021-02-26 20:12:21.1218|INFO|Microsoft.AspNetCore.Mvc.Internal.ControllerActionInvoker|Executing action method Cities.Controllers.CitiesController.GetCity (Cities) - Validation state: Valid
2021-02-26 20:12:21.1218|INFO|Microsoft.EntityFrameworkCore.Infrastructure|Entity Framework Core 2.1.14-servicing-32113 initialized 'CityInfoContext' using provider 'Microsoft.EntityFrameworkCore.SqlServer' with options: None
2021-02-26 20:12:21.1822|INFO|Microsoft.EntityFrameworkCore.Database.Command|Executed DbCommand (1ms) [Parameters=[@__cityId_0='?' (DbType = Int32)], CommandType='Text', CommandTimeout='30']
SELECT TOP(1) [c].[Id], [c].[Description], [c].[Name], [c].[Photo]
FROM [Cities] AS [c]
WHERE [c].[Id] = @__cityId_0
ORDER BY [c].[Id]
2021-02-26 20:12:21.1822|INFO|Microsoft.EntityFrameworkCore.Database.Command|Executed DbCommand (1ms) [Parameters=[@__cityId_0='?' (DbType = Int32)], CommandType='Text', CommandTimeout='30']
SELECT [c.PointsOfInterest].[Id], [c.PointsOfInterest].[CityId], [c.PointsOfInterest].[Description], [c.PointsOfInterest].[Name], [c.PointsOfInterest].[Photo]
FROM [PointsOfInterest] AS [c.PointsOfInterest]
INNER JOIN (
    SELECT TOP(1) [c0].[Id]
    FROM [Cities] AS [c0]
    WHERE [c0].[Id] = @__cityId_0
    ORDER BY [c0].[Id]
) AS [t] ON [c.PointsOfInterest].[CityId] = [t].[Id]
ORDER BY [t].[Id]
2021-02-26 20:12:21.2095|INFO|Microsoft.AspNetCore.Mvc.Internal.ControllerActionInvoker|Executed action method Cities.Controllers.CitiesController.GetCity (Cities), returned result Microsoft.AspNetCore.Mvc.OkObjectResult in 83.5106ms.
2021-02-26 20:12:21.2095|INFO|Microsoft.AspNetCore.Mvc.Infrastructure.ObjectResultExecutor|Executing ObjectResult, writing value of type 'Cities.Models.CityDto'.
2021-02-26 20:12:21.2158|INFO|Microsoft.AspNetCore.Mvc.Internal.ControllerActionInvoker|Executed action Cities.Controllers.CitiesController.GetCity (Cities) in 92.1286ms
2021-02-26 20:12:21.2158|INFO|Microsoft.AspNetCore.Hosting.Internal.WebHost|Request finished in 102.6702ms 200 application/json; charset=utf-8
2021-02-26 20:12:21.2158|INFO|Microsoft.AspNetCore.Server.Kestrel|Connection id "0HM6QH9G2E6SK", Request id "0HM6QH9G2E6SK:00000003": the application completed without reading the entire request body.
